<?xml version="1.0" encoding="UTF-8"?>
<!-- Generated by org.testng.reporters.JUnitReportReporter -->
<testsuite hostname="Jas" failures="0" tests="1" name="TestNG.Introduction" time="0.016" errors="0" timestamp="2024-01-11T20:52:14 IST" skipped="0">
  <testcase classname="TestNG.Introduction" name="Testcase1" time="0.016"/>
  <system-out/>
</testsuite> <!-- TestNG.Introduction -->
