<?xml version="1.0" encoding="UTF-8"?>
<!-- Generated by org.testng.reporters.JUnitReportReporter -->
<testsuite hostname="Jas" failures="0" tests="3" name="TestNG.Dependency_Example" time="0.008" errors="0" timestamp="2024-01-11T18:35:37 IST" skipped="0">
  <testcase classname="TestNG.Dependency_Example" name="testcase2" time="0.003"/>
  <system-out/>
  <testcase classname="TestNG.Dependency_Example" name="testcase3" time="0.002"/>
  <system-out/>
  <testcase classname="TestNG.Dependency_Example" name="testcase1" time="0.003"/>
  <system-out/>
</testsuite> <!-- TestNG.Dependency_Example -->
