<?xml version="1.0" encoding="UTF-8"?>
<!-- Generated by org.testng.reporters.JUnitReportReporter -->
<testsuite hostname="Jas" failures="0" tests="2" name="TestNG.ParallelTesting" time="7.336" errors="0" timestamp="2024-01-11T19:30:17 IST" skipped="0">
  <testcase classname="TestNG.ParallelTesting" name="OpenGoogle" time="3.668"/>
  <system-out/>
  <testcase classname="TestNG.ParallelTesting" name="DemoBlaze" time="3.668"/>
  <system-out/>
</testsuite> <!-- TestNG.ParallelTesting -->
