<?xml version="1.0" encoding="UTF-8"?>
<!-- Generated by org.testng.reporters.JUnitReportReporter -->
<testsuite hostname="Jas" failures="0" tests="1" name="TestNG.Parameterization_HandsOn" time="0.009" errors="0" timestamp="2024-01-11T19:07:53 IST" skipped="0">
  <testcase classname="TestNG.Parameterization_HandsOn" name="printname" time="0.009"/>
  <system-out/>
</testsuite> <!-- TestNG.Parameterization_HandsOn -->
