<?xml version="1.0" encoding="UTF-8"?>
<!-- Generated by org.testng.reporters.JUnitReportReporter -->
<testsuite hostname="Jas" failures="0" tests="3" name="TestNG.trySuite" time="3.904" errors="0" timestamp="2024-01-11T18:35:37 IST" skipped="0">
  <testcase classname="TestNG.trySuite" name="OpenGoogle" time="1.475"/>
  <system-out/>
  <testcase classname="TestNG.trySuite" name="OpenPetstore" time="1.012"/>
  <system-out/>
  <testcase classname="TestNG.trySuite" name="OpenDemoBlaze" time="1.417"/>
  <system-out/>
</testsuite> <!-- TestNG.trySuite -->
