<?xml version="1.0" encoding="UTF-8"?>
<!-- Generated by org.testng.reporters.JUnitReportReporter -->
<testsuite hostname="Jas" failures="0" tests="1" name="TestNG.Annotation_HierarchyHandsOn" time="0.010" errors="0" timestamp="2024-01-11T19:48:55 IST" skipped="0">
  <testcase classname="TestNG.Annotation_HierarchyHandsOn" name="Test" time="0.010"/>
  <system-out/>
</testsuite> <!-- TestNG.Annotation_HierarchyHandsOn -->
