<?xml version="1.0" encoding="UTF-8"?>
<!-- Generated by org.testng.reporters.JUnitReportReporter -->
<testsuite hostname="Jas" failures="0" tests="1" name="TestNG.Assertion_Example" time="0.015" errors="0" timestamp="2024-01-11T19:40:56 IST" skipped="0">
  <testcase classname="TestNG.Assertion_Example" name="checkname" time="0.015"/>
  <system-out/>
</testsuite> <!-- TestNG.Assertion_Example -->
