<?xml version="1.0" encoding="UTF-8"?>
<!-- Generated by org.testng.reporters.JUnitReportReporter -->
<testsuite hostname="Jas" failures="0" tests="8" name="TestNG.Grouping_Example" time="0.030" errors="0" timestamp="2024-01-11T18:56:41 IST" skipped="0">
  <testcase classname="TestNG.Grouping_Example" name="Oppo1" time="0.003"/>
  <system-out/>
  <testcase classname="TestNG.Grouping_Example" name="Vivo1" time="0.002"/>
  <system-out/>
  <testcase classname="TestNG.Grouping_Example" name="MotoG1" time="0.001"/>
  <system-out/>
  <testcase classname="TestNG.Grouping_Example" name="MotoG" time="0.002"/>
  <system-out/>
  <testcase classname="TestNG.Grouping_Example" name="Vivo" time="0.001"/>
  <system-out/>
  <testcase classname="TestNG.Grouping_Example" name="Apple" time="0.017"/>
  <system-out/>
  <testcase classname="TestNG.Grouping_Example" name="Oppo" time="0.001"/>
  <system-out/>
  <testcase classname="TestNG.Grouping_Example" name="Apple1" time="0.003"/>
  <system-out/>
</testsuite> <!-- TestNG.Grouping_Example -->
